Сборка начата 2015-05-12 7:53:00 PM.
     1>Проект "D:\code\C++\Projects\Red\msvc\Red\Red.vcxproj" в узле 2 (целевые объекты Build).
     1>ClCompile:
         C:\Program Files (x86)\Microsoft Visual Studio 12.0\VC\bin\CL.exe /c /I"C:\Program Files (x86)\Visual Leak Detector\include" /ZI /nologo /W3 /WX- /Od /Oy- /D WIN32 /D _DEBUG /D _CONSOLE /D _UNICODE /D UNICODE /Gm /EHsc /RTC1 /MDd /GS /fp:precise /Zc:wchar_t /Zc:forScope /Fo"Debug\\" /Fd"Debug\vc120.pdb" /Gd /TP /analyze- /errorReport:prompt ..\..\src\Main.cpp
         Main.cpp
     1>d:\code\c++\projects\red\src\glm\glm.h(27): warning C4005: WINGDIAPI: изменение макроопределения
                 d:\code\c++\projects\red\src\define.h(20): см. предыдущее определение "WINGDIAPI"
     1>d:\code\c++\projects\red\src\main.cpp(34): warning C4244: аргумент: преобразование "double" в "float", возможна потеря данных
     1>d:\code\c++\projects\red\src\main.cpp(57): warning C4305: аргумент: усечение из "double" к "GLfloat"
     1>d:\code\c++\projects\red\src\main.cpp(51): warning C4101: native: неиспользованная локальная переменная
       Link:
         C:\Program Files (x86)\Microsoft Visual Studio 12.0\VC\bin\link.exe /ERRORREPORT:PROMPT /OUT:"D:\code\C++\Projects\Red\msvc\Debug\Red.exe" /INCREMENTAL /NOLOGO /LIBPATH:"C:\Program Files (x86)\Visual Leak Detector\lib\Win32" kernel32.lib user32.lib gdi32.lib winspool.lib comdlg32.lib advapi32.lib shell32.lib ole32.lib oleaut32.lib uuid.lib odbc32.lib odbccp32.lib /MANIFEST /MANIFESTUAC:"level='asInvoker' uiAccess='false'" /manifest:embed /DEBUG /PDB:"D:\code\C++\Projects\Red\msvc\Debug\Red.pdb" /SUBSYSTEM:CONSOLE /TLBID:1 /DYNAMICBASE /NXCOMPAT /IMPLIB:"D:\code\C++\Projects\Red\msvc\Debug\Red.lib" /MACHINE:X86 Debug\Camera.obj
         Debug\glm.obj
         Debug\glmimg.obj
         Debug\texture.obj
         Debug\Main.obj
         Debug\Model.obj
         Debug\Vertex.obj
         Red.vcxproj -> D:\code\C++\Projects\Red\msvc\Debug\Red.exe
     1>Сборка проекта "D:\code\C++\Projects\Red\msvc\Red\Red.vcxproj" завершена (целевые объекты Build).

Сборка успешно завершена.

Затраченное время: 00:00:00.72
